Removed Pin From Net: NetName=OUTL Pin=C4-2
Removed Pin From Net: NetName=OUTR Pin=C5-2
Removed Pin From Net: NetName=GND Pin=C6-2
Removed Pin From Net: NetName=GND Pin=C8-2
Removed Pin From Net: NetName=GND Pin=C9-2
Removed Pin From Net: NetName=MUTE Pin=C10-1
Removed Pin From Net: NetName=GND Pin=C10-2
Removed Pin From Net: NetName=MUTE Pin=IC3-6
Removed Pin From Net: NetName=GND Pin=IC3-8
Removed Pin From Net: NetName=GND Pin=IC3-9
Removed Pin From Net: NetName=MUTE Pin=R11-2
Removed Member From Class: ClassName=Designator Member=C4
Remove Class Member: Failed to remove class member
Remove Class Member: Failed to remove class member
Remove Class Member: Failed to remove class member
Removed Member From Class: ClassName=Designator Member=C5
Remove Class Member: Failed to remove class member
Remove Class Member: Failed to remove class member
Remove Class Member: Failed to remove class member
Removed Member From Class: ClassName=Designator Member=C6
Remove Class Member: Failed to remove class member
Remove Class Member: Failed to remove class member
Remove Class Member: Failed to remove class member
Removed Member From Class: ClassName=Designator Member=C8
Remove Class Member: Failed to remove class member
Remove Class Member: Failed to remove class member
Remove Class Member: Failed to remove class member
Removed Member From Class: ClassName=Designator Member=C9
Remove Class Member: Failed to remove class member
Remove Class Member: Failed to remove class member
Remove Class Member: Failed to remove class member
Removed Member From Class: ClassName=Designator Member=C10
Remove Class Member: Failed to remove class member
Remove Class Member: Failed to remove class member
Remove Class Member: Failed to remove class member
Removed Member From Class: ClassName=Designator Member=IC3
Remove Class Member: Failed to remove class member
Remove Class Member: Failed to remove class member
Remove Class Member: Failed to remove class member
Removed Member From Class: ClassName=Designator Member=J1
Remove Class Member: Failed to remove class member
Remove Class Member: Failed to remove class member
Remove Class Member: Failed to remove class member
Removed Member From Class: ClassName=Designator Member=J2
Remove Class Member: Failed to remove class member
Remove Class Member: Failed to remove class member
Remove Class Member: Failed to remove class member
Removed Member From Class: ClassName=Designator Member=R11
Remove Class Member: Failed to remove class member
Remove Class Member: Failed to remove class member
Remove Class Member: Failed to remove class member
Removed Member From Class: ClassName=Designator Member=R12
Remove Class Member: Failed to remove class member
Remove Class Member: Failed to remove class member
Remove Class Member: Failed to remove class member
Added Component: Designator=IC?(TO254P500X2020X2135-8P)
Add component (AddParameter): Name = "Arrow Part Number"; Value = "TDA7264"; VariantName = "[No Variations]"
Add component (AddParameter): Name = "Arrow Price/Stock"; Value = "https://www.arrow.com/en/products/tda7264/stmicroelectronics?region=nac"; VariantName = "[No Variations]"
Add component (AddParameter): Name = "Datasheet Link"; Value = "http://www.st.com/web/en/resource/technical/document/datasheet/CD00000144.pdf"; VariantName = "[No Variations]"
Add component (AddParameter): Name = "Height"; Value = "5mm"; VariantName = "[No Variations]"
Add component (AddParameter): Name = "Manufacturer_Name"; Value = "STMicroelectronics"; VariantName = "[No Variations]"
Add component (AddParameter): Name = "Manufacturer_Part_Number"; Value = "TDA7264"; VariantName = "[No Variations]"
Add component (AddParameter): Name = "Mouser Part Number"; Value = "511-TDA7264"; VariantName = "[No Variations]"
Add component (AddParameter): Name = "Mouser Price/Stock"; Value = "https://www.mouser.co.uk/ProductDetail/STMicroelectronics/TDA7264?qs=JquAdH79urbAy8iVz1GDbQ%3D%3D"; VariantName = "[No Variations]"
Add component (AddParameter): Name = "Mouser Testing Part Number"; Value = ""; VariantName = "[No Variations]"
Add component (AddParameter): Name = "Mouser Testing Price/Stock"; Value = ""; VariantName = "[No Variations]"
Added Pin To Net: NetName=MUTE Pin=Volume-3
Added Member To Class: ClassName=Designator Member=Component Bass TSW-103-07-F-S
Added Member To Class: ClassName=Designator Member=Component C3 0805
Added Member To Class: ClassName=Designator Member=Component C7 0805
Added Member To Class: ClassName=Designator Member=Component C11 0805
Added Member To Class: ClassName=Designator Member=Component C12 0805
Added Member To Class: ClassName=Designator Member=Component C13 0805
Added Member To Class: ClassName=Designator Member=Component C14 0805
Added Member To Class: ClassName=Designator Member=Component C15 0805
Added Member To Class: ClassName=Designator Member=Component C16 0805
Added Member To Class: ClassName=Designator Member=Component C17 0805
Added Member To Class: ClassName=Designator Member=Component C18 0805
Added Member To Class: ClassName=Designator Member=Component C19 0805
Added Member To Class: ClassName=Designator Member=Component C20 0805
Added Member To Class: ClassName=Designator Member=Component C21 0805
Added Member To Class: ClassName=Designator Member=Component C22 0805
Added Member To Class: ClassName=Designator Member=Component C23 0805
Added Member To Class: ClassName=Designator Member=Component C24 0805
Added Member To Class: ClassName=Designator Member=Component C25 0805
Added Member To Class: ClassName=Designator Member=Component C26 0805
Added Member To Class: ClassName=Designator Member=Component C27 0805
Added Member To Class: ClassName=Designator Member=Component C28 0805
Added Member To Class: ClassName=Designator Member=Component Display Header 61301611821
Added Member To Class: ClassName=Designator Member=Component Gain TSW-103-07-F-S
Added Member To Class: ClassName=Designator Member=Component IC1 ATTINY828-AU
Added Member To Class: ClassName=Designator Member=Component IC2 TDA7439DS13TR
Added Member To Class: ClassName=Designator Member=Component IC? TDA7264
Added Member To Class: ClassName=Designator Member=Component INPUT1 TSW-103-07-F-S
Added Member To Class: ClassName=Designator Member=Component INPUT2 TSW-103-07-F-S
Added Member To Class: ClassName=Designator Member=Component INPUT3 TSW-103-07-F-S
Added Member To Class: ClassName=Designator Member=Component INPUT4 TSW-103-07-F-S
Added Member To Class: ClassName=Designator Member=Component L1 10mH
Added Member To Class: ClassName=Designator Member=Component LED1 ELM70303GD
Added Member To Class: ClassName=Designator Member=Component LED2 ELM70303GD
Added Member To Class: ClassName=Designator Member=Component LED3 ELM70303GD
Added Member To Class: ClassName=Designator Member=Component LED4 ELM70303GD
Added Member To Class: ClassName=Designator Member=Component LED5 ELM70303GD
Added Member To Class: ClassName=Designator Member=Component LED6 ELM70303GD
Added Member To Class: ClassName=Designator Member=Component LED7 ELM70303GD
Added Member To Class: ClassName=Designator Member=Component LED8 ELM70303GD
Added Member To Class: ClassName=Designator Member=Component Mid_Range TSW-103-07-F-S
Added Member To Class: ClassName=Designator Member=Component P1 61300611121
Added Member To Class: ClassName=Designator Member=Component R1 0805
Added Member To Class: ClassName=Designator Member=Component R2 0805
Added Member To Class: ClassName=Designator Member=Component R3 0805
Added Member To Class: ClassName=Designator Member=Component R4 0805
Added Member To Class: ClassName=Designator Member=Component R5 0805
Added Member To Class: ClassName=Designator Member=Component R6 0805
Added Member To Class: ClassName=Designator Member=Component R7 0805
Added Member To Class: ClassName=Designator Member=Component R8 0805
Added Member To Class: ClassName=Designator Member=Component R14 0805
Added Member To Class: ClassName=Designator Member=Component R16 0805
Added Member To Class: ClassName=Designator Member=Component R18 0805
Added Member To Class: ClassName=Designator Member=Component R20 0805
Added Member To Class: ClassName=Designator Member=Component SB1 0402
Added Member To Class: ClassName=Designator Member=Component SB2 0402
Added Member To Class: ClassName=Designator Member=Component SB3 0402
Added Member To Class: ClassName=Designator Member=Component SB4 0402
Added Member To Class: ClassName=Designator Member=Component SB5 0402
Added Member To Class: ClassName=Designator Member=Component SB6 0402
Added Member To Class: ClassName=Designator Member=Component SB7 0402
Added Member To Class: ClassName=Designator Member=Component SB8 0402
Added Member To Class: ClassName=Designator Member=Component Trebble TSW-103-07-F-S
Added Member To Class: ClassName=Designator Member=Component Volume 61300511121
Added Room: Name=Designator
Added Room: Name=Designator
Added Room: Name=Designator
Added Room: Name=Designator
Added Room: Name=Main
