Change Component Designator: OldDesignator=1 NewDesignator=R37
Change Component Designator: OldDesignator=2 NewDesignator=R38
Change Component Designator: OldDesignator=3 NewDesignator=R39
Change Component Designator: OldDesignator=4 NewDesignator=R40
Change component parameters: Designator = "4" ("4"); Footprint = "6-0805_N"; UniqueID = "\KJVMNBJB\RSHGAZXT" ("\KJVMNBJB\RSHGAZXT")
Change component parameters (AddParameter): Name = "LatestRevisionDate"; Value = "17-Jul-2002"; VariantName = "[No Variations]"
Change component parameters (AddParameter): Name = "LatestRevisionNote"; Value = "Re-released for DXP Platform."; VariantName = "[No Variations]"
Change component parameters (AddParameter): Name = "PackageDescription"; Value = "Axial Device, Thru-Hole; 2 Leads; 0.3 in Pin Spacing"; VariantName = "[No Variations]"
Change component parameters (AddParameter): Name = "PackageReference"; Value = "AXIAL-0.3"; VariantName = "[No Variations]"
Change component parameters (AddParameter): Name = "Published"; Value = "8-Jun-2000"; VariantName = "[No Variations]"
Change component parameters (AddParameter): Name = "Publisher"; Value = "Altium Limited"; VariantName = "[No Variations]"
Change component parameters (AddParameter): Name = "Value"; Value = "00K"; VariantName = "[No Variations]"
Add Pin To Net: Unknown Pin: Pin HS1-0
Add Pin To Net: Unknown Pin: Pin HS2-0
Add Class: Class already exists: Designator
Add Class: Class already exists: Designator
Add Class: Class already exists: Designator
Add Class: Class already exists: Designator
Add Class: Class already exists: Designator
Add Class: Class already exists: Designator
Added Room: Name=Designator
Added Room: Name=Designator
Added Room: Name=Designator
Added Room: Name=Designator
Added Room: Name=Designator
Added Room: Name=Designator
Added Room: Name=Designator
Added Room: Name=Main
