Removed Pin From Net: NetName=OUT_L_1 Pin=Out-L-1
Removed Pin From Net: NetName=OUT_L_2 Pin=Out-L-2
Removed Pin From Net: NetName=OUT_M_1 Pin=Out-M-1
Removed Pin From Net: NetName=OUT_M_2 Pin=Out-M-2
Removed Pin From Net: NetName=OUT_R_2 Pin=Out-R-1
Removed Pin From Net: NetName=OUT_R_1 Pin=Out-R-2
Removed Member From Class: ClassName=Designator Member=Out-L
Removed Member From Class: ClassName=Designator Member=Out-R
Add Class: Class already exists: Designator
Add Class: Class already exists: Designator
Add Class: Class already exists: Designator
Add Class: Class already exists: Designator
Add Class: Class already exists: Designator
Add Class: Class already exists: Designator
Added Room: Name=Designator
Added Room: Name=Designator
Added Room: Name=Designator
Added Room: Name=Designator
Added Room: Name=Designator
Added Room: Name=Designator
Added Room: Name=Designator
Added Room: Name=Main
