Removed Member From Class: ClassName=Designator Member=Bass
Removed Member From Class: ClassName=Designator Member=C?
Removed Member From Class: ClassName=Designator Member=Display Header
Removed Member From Class: ClassName=Designator Member=Gain
Removed Member From Class: ClassName=Designator Member=IC1
Removed Member From Class: ClassName=Designator Member=IC2
Removed Member From Class: ClassName=Designator Member=IC4
Removed Member From Class: ClassName=Designator Member=L?
Removed Member From Class: ClassName=Designator Member=LED1
Removed Member From Class: ClassName=Designator Member=LED2
Removed Member From Class: ClassName=Designator Member=LED3
Removed Member From Class: ClassName=Designator Member=LED4
Removed Member From Class: ClassName=Designator Member=LED5
Removed Member From Class: ClassName=Designator Member=LED6
Removed Member From Class: ClassName=Designator Member=LED7
Removed Member From Class: ClassName=Designator Member=LED8
Removed Member From Class: ClassName=Designator Member=Mid_Range
Removed Member From Class: ClassName=Designator Member=P1
Removed Member From Class: ClassName=Designator Member=R1
Removed Member From Class: ClassName=Designator Member=R2
Removed Member From Class: ClassName=Designator Member=R3
Removed Member From Class: ClassName=Designator Member=R4
Removed Member From Class: ClassName=Designator Member=R5
Removed Member From Class: ClassName=Designator Member=R6
Removed Member From Class: ClassName=Designator Member=R7
Removed Member From Class: ClassName=Designator Member=R8
Removed Member From Class: ClassName=Designator Member=Trebble
Removed Member From Class: ClassName=Designator Member=Volume
Change Component Designator: OldDesignator=SB0 NewDesignator=Solder Bridge
Change Component Designator: OldDesignator=SB1 NewDesignator=Solder Bridge1
Change Component Designator: OldDesignator=SB2 NewDesignator=Solder Bridge2
Change Component Designator: OldDesignator=SB3 NewDesignator=Solder Bridge3
Change Component Designator: OldDesignator=SB4 NewDesignator=Solder Bridge4
Change Component Designator: OldDesignator=SB5 NewDesignator=Solder Bridge5
Change Component Designator: OldDesignator=SB6 NewDesignator=Solder Bridge6
Change Component Designator: OldDesignator=SB7 NewDesignator=Solder Bridge7
Added Component: Designator=H?(ATSTI1OP521C1R1)
Add component (AddParameter): Name = "Arrow Part Number"; Value = "ATS-TI1OP-521-C1-R1"; VariantName = "[No Variations]"
Add component (AddParameter): Name = "Arrow Price/Stock"; Value = "https://www.arrow.com/en/products/ats-ti1op-521-c1-r1/advanced-thermal-solutions?region=europe"; VariantName = "[No Variations]"
Add component (AddParameter): Name = "Datasheet Link"; Value = "https://media.digikey.com/pdf/Data%20Sheets/Advanced%20Thermal%20Solutions%20PDFs/ATS-TI10P-521-C1-R1.pdf"; VariantName = "[No Variations]"
Add component (AddParameter): Name = "Height"; Value = "28mm"; VariantName = "[No Variations]"
Add component (AddParameter): Name = "Manufacturer_Name"; Value = "ADVANCED THERMAL SOLUTIONS"; VariantName = "[No Variations]"
Add component (AddParameter): Name = "Manufacturer_Part_Number"; Value = "ATS-TI1OP-521-C1-R1"; VariantName = "[No Variations]"
Add component (AddParameter): Name = "Mouser Part Number"; Value = "984-ATS-TI1OP521C1R1"; VariantName = "[No Variations]"
Add component (AddParameter): Name = "Mouser Price/Stock"; Value = "https://www.mouser.co.uk/ProductDetail/Advanced-Thermal-Solutions/ATS-TI1OP-521-C1-R1?qs=MLItCLRbWsx43HjcCreTeQ%3D%3D"; VariantName = "[No Variations]"
Add component (AddParameter): Name = "Mouser Testing Part Number"; Value = ""; VariantName = "[No Variations]"
Add component (AddParameter): Name = "Mouser Testing Price/Stock"; Value = ""; VariantName = "[No Variations]"
Added Component: Designator=H?(ATSTI1OP521C1R1)
Add component (AddParameter): Name = "Arrow Part Number"; Value = "ATS-TI1OP-521-C1-R1"; VariantName = "[No Variations]"
Add component (AddParameter): Name = "Arrow Price/Stock"; Value = "https://www.arrow.com/en/products/ats-ti1op-521-c1-r1/advanced-thermal-solutions?region=europe"; VariantName = "[No Variations]"
Add component (AddParameter): Name = "Datasheet Link"; Value = "https://media.digikey.com/pdf/Data%20Sheets/Advanced%20Thermal%20Solutions%20PDFs/ATS-TI10P-521-C1-R1.pdf"; VariantName = "[No Variations]"
Add component (AddParameter): Name = "Height"; Value = "28mm"; VariantName = "[No Variations]"
Add component (AddParameter): Name = "Manufacturer_Name"; Value = "ADVANCED THERMAL SOLUTIONS"; VariantName = "[No Variations]"
Add component (AddParameter): Name = "Manufacturer_Part_Number"; Value = "ATS-TI1OP-521-C1-R1"; VariantName = "[No Variations]"
Add component (AddParameter): Name = "Mouser Part Number"; Value = "984-ATS-TI1OP521C1R1"; VariantName = "[No Variations]"
Add component (AddParameter): Name = "Mouser Price/Stock"; Value = "https://www.mouser.co.uk/ProductDetail/Advanced-Thermal-Solutions/ATS-TI1OP-521-C1-R1?qs=MLItCLRbWsx43HjcCreTeQ%3D%3D"; VariantName = "[No Variations]"
Add component (AddParameter): Name = "Mouser Testing Part Number"; Value = ""; VariantName = "[No Variations]"
Add component (AddParameter): Name = "Mouser Testing Price/Stock"; Value = ""; VariantName = "[No Variations]"
Added Pin To Net: NetName=GND Pin=H?-1
Added Pin To Net: NetName=GND Pin=H?-2
Add Net: Net with name "GND" already exists
Add Net: Net with name "GND" already exists
Add Class: Class already exists: Designator
Add Class: Class already exists: Designator
Add Class: Class already exists: Designator
Add Class: Class already exists: Designator
Added Member To Class: ClassName=Designator Member=Component H? ATS-TI1OP-521-C1-R1
Added Room: Name=Designator
Added Room: Name=Designator
Added Room: Name=Designator
Added Room: Name=Designator
Added Room: Name=Designator
Added Room: Name=Main
