Change Component Designator: OldDesignator=C? NewDesignator=C52
Change Component Designator: OldDesignator=C? NewDesignator=C53
Change Component Designator: OldDesignator=C? NewDesignator=C54
Change Component Designator: OldDesignator=C? NewDesignator=C55
Change Component Designator: OldDesignator=C? NewDesignator=C56
Change Component Designator: OldDesignator=C? NewDesignator=C57
Change Component Designator: OldDesignator=C? NewDesignator=C58
Change Component Designator: OldDesignator=C? NewDesignator=C59
Change Component Designator: OldDesignator=C? NewDesignator=C60
Change Component Designator: OldDesignator=C? NewDesignator=C61
Change Component Designator: OldDesignator=C? NewDesignator=C62
Change Component Designator: OldDesignator=C? NewDesignator=C63
Change Component Designator: OldDesignator=C? NewDesignator=C64
Change Component Designator: OldDesignator=C? NewDesignator=C65
Change Component Designator: OldDesignator=C? NewDesignator=C66
Change Component Designator: OldDesignator=C? NewDesignator=C67
Change Component Designator: OldDesignator=C? NewDesignator=C68
Change Component Designator: OldDesignator=C? NewDesignator=C69
Change Component Designator: OldDesignator=IC? NewDesignator=IC5
Change Component Designator: OldDesignator=J? NewDesignator=J3
Change Component Designator: OldDesignator=L? NewDesignator=L6
Change Component Designator: OldDesignator=L? NewDesignator=L7
Change Component Designator: OldDesignator=R? NewDesignator=R25
Change Component Designator: OldDesignator=R? NewDesignator=R26
Change Component Designator: OldDesignator=R? NewDesignator=R27
Change Component Designator: OldDesignator=R? NewDesignator=R28
Change Component Designator: OldDesignator=R? NewDesignator=R29
Change Component Designator: OldDesignator=R? NewDesignator=R30
Change Component Designator: OldDesignator=R? NewDesignator=R31
Change Component Designator: OldDesignator=R? NewDesignator=R32
Change Component Designator: OldDesignator=R? NewDesignator=R33
Change Component Designator: OldDesignator=R? NewDesignator=R34
Change Net Name : Old Net Name=FAULT/SD New Net Name=FAULT/SD_M
Change Net Name : Old Net Name=NetC?_1 New Net Name=NetC55_1
Change Net Name : Old Net Name=NetC?_2 New Net Name=NetC61_2
Change Net Name : Old Net Name=OUTNL New Net Name=OUTNL_M
Added Pin To Net: NetName=BSNL_M Pin=C69-1
Added Pin To Net: NetName=BSNL_M Pin=IC5-20
Added Net: Name=BSNL_M
Added Pin To Net: NetName=BSNR_M Pin=C64-1
Added Pin To Net: NetName=BSNR_M Pin=IC5-26
Added Net: Name=BSNR_M
Added Pin To Net: NetName=BSPL_M Pin=C65-1
Added Pin To Net: NetName=BSPL_M Pin=IC5-24
Added Net: Name=BSPL_M
Added Pin To Net: NetName=BSPR_M Pin=C60-1
Added Pin To Net: NetName=BSPR_M Pin=IC5-30
Added Net: Name=BSPR_M
Added Pin To Net: NetName=FAULT/SD Pin=IC3-2
Added Pin To Net: NetName=FAULT/SD Pin=IC3-3
Added Pin To Net: NetName=FAULT/SD Pin=R24-1
Added Net: Name=FAULT/SD
Added Pin To Net: NetName=GAIN/SLV_M Pin=IC5-8
Added Pin To Net: NetName=GAIN/SLV_M Pin=R26-1
Added Pin To Net: NetName=GAIN/SLV_M Pin=R28-2
Added Net: Name=GAIN/SLV_M
Added Pin To Net: NetName=GVDD_M Pin=C58-1
Added Pin To Net: NetName=GVDD_M Pin=IC5-7
Added Pin To Net: NetName=GVDD_M Pin=R25-2
Added Pin To Net: NetName=GVDD_M Pin=R26-2
Added Net: Name=GVDD_M
Added Pin To Net: NetName=MUTE_M Pin=IC5-12
Added Pin To Net: NetName=MUTE_M Pin=MUTE_M-2
Added Pin To Net: NetName=MUTE_M Pin=R34-2
Added Net: Name=MUTE_M
Added Pin To Net: NetName=NetC52_1 Pin=C52-1
Added Pin To Net: NetName=NetC52_1 Pin=C53-1
Added Pin To Net: NetName=NetC52_1 Pin=C54-1
Added Net: Name=NetC52_1
Added Pin To Net: NetName=NetC59_1 Pin=C59-1
Added Pin To Net: NetName=NetC59_1 Pin=R29-1
Added Pin To Net: NetName=NetC59_1 Pin=R30-1
Added Net: Name=NetC59_1
Added Pin To Net: NetName=NetC61_1 Pin=C61-1
Added Pin To Net: NetName=NetC61_1 Pin=R32-2
Added Net: Name=NetC61_1
Added Pin To Net: NetName=NetC66_1 Pin=C66-1
Added Pin To Net: NetName=NetC66_1 Pin=C67-1
Added Pin To Net: NetName=NetC66_1 Pin=C68-1
Added Pin To Net: NetName=NetC66_1 Pin=J3-2
Added Pin To Net: NetName=NetC66_1 Pin=L7-2
Added Net: Name=NetC66_1
Added Pin To Net: NetName=NetC68_2 Pin=C68-2
Added Pin To Net: NetName=NetC68_2 Pin=R33-1
Added Net: Name=NetC68_2
Added Pin To Net: NetName=OUTNL Pin=C33-2
Added Pin To Net: NetName=OUTNL Pin=IC3-21
Added Pin To Net: NetName=OUTNL Pin=L5-1
Added Net: Name=OUTNL
Added Pin To Net: NetName=OUTNR_M Pin=C60-2
Added Pin To Net: NetName=OUTNR_M Pin=C64-2
Added Pin To Net: NetName=OUTNR_M Pin=IC5-27
Added Pin To Net: NetName=OUTNR_M Pin=IC5-29
Added Pin To Net: NetName=OUTNR_M Pin=L6-1
Added Net: Name=OUTNR_M
Added Pin To Net: NetName=PLIMIT_M Pin=IC5-6
Added Pin To Net: NetName=PLIMIT_M Pin=R25-1
Added Pin To Net: NetName=PLIMIT_M Pin=R27-2
Added Net: Name=PLIMIT_M
Added Pin To Net: NetName=RINP_M Pin=C59-2
Added Pin To Net: NetName=RINP_M Pin=IC5-4
Added Net: Name=RINP_M
Add Class: Class already exists: Designator
Add Class: Class already exists: Designator
Add Class: Class already exists: Designator
Add Class: Class already exists: Designator
Add Class: Class already exists: Designator
Added Room: Name=Designator
Added Room: Name=Designator
Added Room: Name=Designator
Added Room: Name=Designator
Added Room: Name=Designator
Added Room: Name=Designator
Added Room: Name=Main
