Change Component Designator: OldDesignator=C? NewDesignator=C72
Change Component Designator: OldDesignator=C? NewDesignator=C73
Change Component Designator: OldDesignator=C? NewDesignator=C85
Add Pin To Net: Unknown Pin: Pin HS1-0
Add Pin To Net: Unknown Pin: Pin HS2-0
Add Class: Class already exists: Designator
Add Class: Class already exists: Designator
Add Class: Class already exists: Designator
Add Class: Class already exists: Designator
Add Class: Class already exists: Designator
Add Class: Class already exists: Designator
Added Member To Class: ClassName=Designator Member=Component C72 0805
Added Member To Class: ClassName=Designator Member=Component C73 0805
Added Room: Name=Designator
Added Room: Name=Designator
Added Room: Name=Designator
Added Room: Name=Designator
Added Room: Name=Designator
Added Room: Name=Designator
Added Room: Name=Designator
