Removed Pin From Net: NetName=5V Pin=5V-1
Removed Pin From Net: NetName=9V Pin=9V-1
Removed Pin From Net: NetName=9V Pin=C74-1
Removed Pin From Net: NetName=GND Pin=C74-2
Removed Pin From Net: NetName=9V Pin=C75-1
Removed Pin From Net: NetName=GND Pin=C75-2
Removed Pin From Net: NetName=5V Pin=C79-1
Removed Pin From Net: NetName=GND Pin=C79-2
Removed Pin From Net: NetName=5V Pin=C80-1
Removed Pin From Net: NetName=GND Pin=C80-2
Removed Pin From Net: NetName=15V Pin=C81-1
Removed Pin From Net: NetName=GND Pin=C81-2
Removed Pin From Net: NetName=9V Pin=C82-1
Removed Pin From Net: NetName=GND Pin=C82-2
Removed Pin From Net: NetName=9V Pin=C83-1
Removed Pin From Net: NetName=GND Pin=C83-2
Removed Pin From Net: NetName=5V Pin=C84-1
Removed Pin From Net: NetName=GND Pin=C84-2
Removed Pin From Net: NetName=GND Pin=HS1-1
Removed Pin From Net: NetName=GND Pin=HS2-1
Removed Pin From Net: NetName=15V Pin=IC6-1
Removed Pin From Net: NetName=GND Pin=IC6-2
Removed Pin From Net: NetName=9V Pin=IC6-3
Removed Pin From Net: NetName=9V Pin=IC7-1
Removed Pin From Net: NetName=GND Pin=IC7-2
Removed Pin From Net: NetName=5V Pin=IC7-3
Change Net Name : Old Net Name=OUTPUT_SELECT New Net Name=OUTPUT_SELECT
Add Net: Net with name "5V" already exists
Add Net: Net with name "9V" already exists
Add Class: Class already exists: Designator
Add Class: Class already exists: Designator
Add Class: Class already exists: Designator
Add Class: Class already exists: Designator
Add Class: Class already exists: Designator
Add Class: Class already exists: Designator
Change Room Name: Old Name=Designator_4 New Name=Designator
Change Room Name: Old Name=Designator_5 New Name=Designator
Change Room Name: Old Name=Designator_6 New Name=Designator
Added Room: Name=Designator
Added Room: Name=Designator
Added Room: Name=Designator
